1648833869366:help
1648833900687:aa
1648833915736:aa fdsfs fs fsfs
1648834450684:aa fds fsd fds
1648834763305:aa fdsf fds fds
1648834777990:hel
1648834780417:p
1648834783793:help
1648834798168:opa
1648834825074:aa idfs gkfjh fsd
1648834839895:opa
1648834843259:opb
1648835040293:aa hdf hdfs ds
1648835044256:opa
1648968230535:help
1648968235886:aa
1648968240938:aa shaj ashjksa as
1648968248572:aa павы пва рнеко
1648968261554:aa Арапвын Агавы АШавы
1648968281590:b
1648968358422:opb
1648968386566:opa
1648968571796:aa ор ролр лор
1648968575780:opa
1648968607649:aa kh gd jg
1648968611019:opa
1648968789192:aa jh jh dsf
1648968792305:opa
1648969065471:aa fds fds fsd
1648969067919:opa
1648969277251:aa
1648969280792:aa fdsf fds fsd
1648969282926:opa
1648969808289:aa dsa dsa dsa
1648969810936:opa
1648970184791:help
1648970198783:b
1648970220623:opb
1648970225615:opa
1648970234318:opg
1648970243606:rba
1648970268065:aa Тарваы Равыа Рлоаы
1648970278871:aa Рагвры Оло Ллол
1648970282670:opa
1648970318079:ag Письма
1648970379517:ag klfdks
1648970465481:ag
1648970469502:ag dsd
1648970532817:ag fsd
1648970598967:ag ds
1648970640272:ag fds
1648970654508:щзп
1648970657421:opg
1648970676067:sgd
1648970678868:help
1648970687547:sgd jkfldsj
1648970723212:sgd 1 hjkds
1648973268077:ag gd
1648973288408:sgd  fd
1648973294857:sgd 1 fds
1648973310792:opg
1648973319553:aa fdksj fdsk fds
1648973325321:aa fds gjyt gfd
1648973331809:aa fdgtry hjtyfbf greer
1648973339425:ag авыаыв
1648973349439:help
1648973386408:ab book1
1648973400806:opa
1648973409655:aba
1648973431264:select-book 1
1648973492078:aba 2
1648982306672:help
1648982320463:aa jkfds jfgd gfds
1648982326141:aa gfdgd gfd hgf
1648982333319:ag gdfgdf
1648982384582:opg
1648982406083:sgd 1 description
1648982412354:opg
1648982419657:ab fgjd
1648982422910:opb
1648982451507:abg 1 1
1648982459944:sb 1
1648982467359:aba
1648982481976:aba 1
1648982487544:aba 2
1648982630542:aa Fktrcfylh Cthuttdbx Geirby
1648982644635:aa Александр Сергеевич Пушкин
1648982661788:ag Поэма
1648982670047:ag Проза
1648982874711:ab Война и мир
1648982905997:ab '\n\n\n\nавы\n\n\n\n'
1648982918087:ab ''ойна и мир
1648982931829:opb
1648982938765:opa
1648982941804:opg
1648982959734:sgd 1 Опиание1
1648982965692:opg
1648982977157:sb 1
1648982984132:opb
1648982988524:ob
1648982992573:help
1648982997811:b
1648983010700:aba 1
1648983015660:aba 2
1648983020611:b
1648983030820:abg 1
1648983038068:abg 2
1648983039918:b
1648983123357:rba 1
1648983159579:b
1648983173371:rbg 2
1648983179329:b
1648983194778:opg
1648983200490:dg 2
1648983206267:help
1648983220187:dgi 2
1648983227962:opg
1648983234355:opa
1648983241178:dai 1
1648983260401:b
1648983265426:opa
1648983278146:aba 5
1648983282997:b
1648984885022:aa jfdhs fsd fds
1648984890954:aa gfdgs gdfsgd gdfs
1648984897886:aa fdsfsd gfdyuj gfds
1648984902486:ag gffdsg
1648984906271:ag gdoigfd
1648984942678:sgd 5 gdfgsf
1648984966469:help
1648984980022:sgd 5 gdfsgfdsgf
1648985371455:ag fdsfsda
1648985386123:sgd 3 gfdsgd
1648985466038:ag dsf
1648985472729:sgd 5 gfds
1648985538558:opg
1648986326307:ag dja
1648986336995:sgd 5 fsd
1648986349779:agd 1 fdsfs
1648986358089:sgd 1 fdfs
1648986378570:aa dsfd
1648986391834:aa fdfs
1648986399260:aa fdsf fsdfs fds
1648986409836:aa fgdjkgfd bvuc gfd
1648986416298:ag ibjfgd
1648986423170:ab fdskfsogf
1648986434329:aba 1
1648986462322:output-books
1648986473705:sb 1
1648986478344:sb 43
1648986481920:b
1648986494505:aba 1
1648986498609:sb 1
1648986506073:aba 29
1648986637693:aa fjdsfds
1648986642553:aa fdkjfds fdsg fgds
1648986646209:aa gfdkbjug  fgd jgfd
1648986656296:aba 43
1648986660672:sb 1
1648986666303:aba 4
1648986695832:ab jhfdsggds
1648986702664:aba 4
1648986710194:aba 1
1648986717704:aba 2
1648986724618:ag fsdfs
1648986728520:ag obcvbvc
1648986739697:sgd 1 vjkvjdlkfjdv
1648986749992:sgd 6 jkfhgdgfd
1648986766325:opb
1648986788134:abg 1
1648986792825:b
1648986809574:dgi 1
1648986812862:b
1648986830590:dai 2
1648986833253:b
1648986840757:opb
1648986848526:help
1648988015008:ag kfjds;kfsdj
1648988020694:opg
1648988036590:sgd 26 jfkshfsfs
1648988662108:opb
1648988665480:opa
1648988668927:opg
1648988673408:opa
1648988676200:opg
1648988679304:opb
