1647791395405:help
1647791399266:l
1647791401938:--l
1647791464442:--lang
1647791466097:f
1647791629504:-f
1647791634480:--f
1647791693736:l
1647791705880:--l
1647791725145:--l gjhg
1647791732384:--l
1647791735143:l
1647792086775:--l
1647792106869:l dfdsa
1647792114956:run
1647792120966:start
1647792132405:t
1647792253662:l Нечкин
1647792257363:е
1647792258844:t
1647792271931:f Сергей
1647792276644:t
1647792333042:l Нечкин
1647792341572:f Сергей
1647792345461:t
1647792426313:l Нечкин
1647792432076:f Сергей
1647792435290:t
1647792698399:l fsd
1647792700681:f fsd
1647792702401:t
1647803697418:l fds
1647803699980:f fs
1647803702132:t
1647803854816:l few
1647803857436:f fs
1647803859179:t
1647803991433:l fsd
1647803993386:f fsd
1647803994762:t
1647804095348:l dsfs
1647804098378:f fsfs
1647804100697:t
1647804215270:l fdsfs
1647804217584:f fs
1647804219552:t
1647804352719:l fdsfa
1647804355029:f fsdafds
1647804357560:t
1647804454046:l
1647804456678:l dsa
1647804458815:f fs
1647804460871:t
1647804503099:f fs
1647804505087:l ds
1647804506494:t
1647804551932:lgfd
1647804553670:l fd
1647804555910:f fd
1647804557157:t
1647804594918:l fds
1647804596200:f fs
1647804597317:t
1647804650156:l fds
1647804652782:f fsda
1647804654581:t
1647806198720:l ds
1647806201620:f fd
1647806203618:t
1647806315561:l fgdsfds
1647806318386:f dfsfds
1647806320474:t
1647806394930:l fdsfds
1647806397203:f fdsfds
1647806399081:t
1647806774668:f fds
1647806776695:l fs
1647806778855:t
1647806852307:l dsa
1647806854622:f fs
1647806857037:t
1647807200449:l fd
1647807203460:f fds
1647807205155:t
1647807248501:l fd
1647807250676:f fd
1647807252483:t
1647807320899:l fd
1647807323563:f fd
1647807325358:t
1647807361073:l fdhgf
1647807365899:fvrt
1647807374492:f fdgdsghhhg
1647807376523:t
1647808314019:l Нечкин
1647808321773:f Сергей
1647808323852:е
1647808326172:t
1647808389901:l Нечкин
1647808395325:f Сергей
1647808399028:t
1647808751080:l Нечкин
1647808755866:f Сергей
1647808759400:t
1647809438699:hp
1647809461269:help
1647809509177:h
1647809512428:help
1647809539279:t
1647809550508:l fdgfs
1647809552212:t
1647809561124:f fsdfs
1647809562835:t
1647809586094:l выавы
1647809589724:f fsdfds
1647809592051:t
1647809617043:exit
1647877170743:l fdfgds
1647877173407:f fds
1647877174959:t
1647877191983:2
1647877209527:clear
1647877211832:t
1647877246716:help
1647877275646:t
1647877303498:l Нечкин
1647877307942:t
1647877329511:f Сергей
1647877334916:t
1647880965684:help
1647880971924:lang
1647881093692:l fds
1647881098060:lang
1647881105668:f dfs
1647881109539:lang
1647882442233:out-lang
1647882447243:lang
1647882455603:lang 3
1647883364361:lang
1647883372542:lang 3
1647883375300:l fsd
1647883377340:f fs
1647883379091:t
1647883567978:lang
1647883581874:l fds
1647883584514:f fsd
1647883586810:t
1647883591906:l
1647883595426:lang
1647883614699:t
1647883622923:lang
1647884389271:t
1647884394533:clear
1647884395813:t
1647884398565:t sdd
1647884401926:l fsda
1647884404021:f fdsa
1647884406166:t
1647884415589:lang
1647884420572:t
1647884425805:lang
1647884431916:t
1647884437901:lang
1647884442036:t
1647884706267:help
1647884719300:lНечкин
1647884728363:l Нечкин
1647884735578:е
1647884737226:t
1647884747115:f Сергей
1647884750242:t
1647884962008:l fds
1647884964442:f fsdaf
1647884966112:t
1647884975905:lang
1647884979872:t
1647885231208:lang
1647885239831:t
1647885245759:lang
1647885251777:t
1647885259815:lang
1647885264284:t
1647885424716:lang
1647885429214:l ds
1647885430998:ffs
1647885432990:f fsd
1647885434385:t
1647885557798:f fs
1647885560670:l fds
1647885563272:t
1647886640068:l ечкин
1647886646406:f Сергей
1647886651197:t
1647886672941:help
